[INFO] [2019-04-19 10:53:38][org.springframework.test.context.support.DefaultTestContextBootstrapper]Loaded default TestExecutionListener class names from location [META-INF/spring.factories]: [org.springframework.test.context.web.ServletTestExecutionListener, org.springframework.test.context.support.DirtiesContextBeforeModesTestExecutionListener, org.springframework.test.context.support.DependencyInjectionTestExecutionListener, org.springframework.test.context.support.DirtiesContextTestExecutionListener, org.springframework.test.context.transaction.TransactionalTestExecutionListener, org.springframework.test.context.jdbc.SqlScriptsTestExecutionListener]
[INFO] [2019-04-19 10:53:38][org.springframework.test.context.support.DefaultTestContextBootstrapper]Using TestExecutionListeners: [org.springframework.test.context.web.ServletTestExecutionListener@3159c4b8, org.springframework.test.context.support.DirtiesContextBeforeModesTestExecutionListener@73846619, org.springframework.test.context.support.DependencyInjectionTestExecutionListener@4bec1f0c, org.springframework.test.context.support.DirtiesContextTestExecutionListener@29ca901e, org.springframework.test.context.transaction.TransactionalTestExecutionListener@5649fd9b, org.springframework.test.context.jdbc.SqlScriptsTestExecutionListener@6adede5]
[INFO] [2019-04-19 12:23:55][org.springframework.test.context.support.DefaultTestContextBootstrapper]Loaded default TestExecutionListener class names from location [META-INF/spring.factories]: [org.springframework.test.context.web.ServletTestExecutionListener, org.springframework.test.context.support.DirtiesContextBeforeModesTestExecutionListener, org.springframework.test.context.support.DependencyInjectionTestExecutionListener, org.springframework.test.context.support.DirtiesContextTestExecutionListener, org.springframework.test.context.transaction.TransactionalTestExecutionListener, org.springframework.test.context.jdbc.SqlScriptsTestExecutionListener]
[INFO] [2019-04-19 12:23:55][org.springframework.test.context.support.DefaultTestContextBootstrapper]Using TestExecutionListeners: [org.springframework.test.context.web.ServletTestExecutionListener@5e3a8624, org.springframework.test.context.support.DirtiesContextBeforeModesTestExecutionListener@5c3bd550, org.springframework.test.context.support.DependencyInjectionTestExecutionListener@91161c7, org.springframework.test.context.support.DirtiesContextTestExecutionListener@604ed9f0, org.springframework.test.context.transaction.TransactionalTestExecutionListener@6a4f787b, org.springframework.test.context.jdbc.SqlScriptsTestExecutionListener@685cb137]
[INFO] [2019-04-19 12:23:56][org.springframework.beans.factory.xml.XmlBeanDefinitionReader]Loading XML bean definitions from class path resource [spring-mybatis.xml]
[INFO] [2019-04-19 12:23:57][org.springframework.context.support.GenericApplicationContext]Refreshing org.springframework.context.support.GenericApplicationContext@2286778: startup date [Fri Apr 19 12:23:57 CST 2019]; root of context hierarchy
[INFO] [2019-04-19 12:23:58][org.springframework.beans.factory.annotation.AutowiredAnnotationBeanPostProcessor]JSR-330 'javax.inject.Inject' annotation found and supported for autowiring
[INFO] [2019-04-19 12:24:00][org.springframework.context.support.GenericApplicationContext]Closing org.springframework.context.support.GenericApplicationContext@2286778: startup date [Fri Apr 19 12:23:57 CST 2019]; root of context hierarchy
[INFO] [2019-04-19 12:30:14][org.springframework.test.context.support.DefaultTestContextBootstrapper]Loaded default TestExecutionListener class names from location [META-INF/spring.factories]: [org.springframework.test.context.web.ServletTestExecutionListener, org.springframework.test.context.support.DirtiesContextBeforeModesTestExecutionListener, org.springframework.test.context.support.DependencyInjectionTestExecutionListener, org.springframework.test.context.support.DirtiesContextTestExecutionListener, org.springframework.test.context.transaction.TransactionalTestExecutionListener, org.springframework.test.context.jdbc.SqlScriptsTestExecutionListener]
[INFO] [2019-04-19 12:30:14][org.springframework.test.context.support.DefaultTestContextBootstrapper]Using TestExecutionListeners: [org.springframework.test.context.web.ServletTestExecutionListener@91161c7, org.springframework.test.context.support.DirtiesContextBeforeModesTestExecutionListener@604ed9f0, org.springframework.test.context.support.DependencyInjectionTestExecutionListener@6a4f787b, org.springframework.test.context.support.DirtiesContextTestExecutionListener@685cb137, org.springframework.test.context.transaction.TransactionalTestExecutionListener@6a41eaa2, org.springframework.test.context.jdbc.SqlScriptsTestExecutionListener@7cd62f43]
[INFO] [2019-04-19 12:30:14][org.springframework.beans.factory.xml.XmlBeanDefinitionReader]Loading XML bean definitions from class path resource [spring-mybatis.xml]
[INFO] [2019-04-19 12:30:15][org.springframework.context.support.GenericApplicationContext]Refreshing org.springframework.context.support.GenericApplicationContext@6d7b4f4c: startup date [Fri Apr 19 12:30:15 CST 2019]; root of context hierarchy
[INFO] [2019-04-19 12:30:15][org.springframework.beans.factory.annotation.AutowiredAnnotationBeanPostProcessor]JSR-330 'javax.inject.Inject' annotation found and supported for autowiring
[INFO] [2019-04-19 12:30:20][org.springframework.context.support.GenericApplicationContext]Closing org.springframework.context.support.GenericApplicationContext@6d7b4f4c: startup date [Fri Apr 19 12:30:15 CST 2019]; root of context hierarchy
[INFO] [2019-04-19 12:32:37][org.springframework.test.context.support.DefaultTestContextBootstrapper]Loaded default TestExecutionListener class names from location [META-INF/spring.factories]: [org.springframework.test.context.web.ServletTestExecutionListener, org.springframework.test.context.support.DirtiesContextBeforeModesTestExecutionListener, org.springframework.test.context.support.DependencyInjectionTestExecutionListener, org.springframework.test.context.support.DirtiesContextTestExecutionListener, org.springframework.test.context.transaction.TransactionalTestExecutionListener, org.springframework.test.context.jdbc.SqlScriptsTestExecutionListener]
[INFO] [2019-04-19 12:32:37][org.springframework.test.context.support.DefaultTestContextBootstrapper]Using TestExecutionListeners: [org.springframework.test.context.web.ServletTestExecutionListener@91161c7, org.springframework.test.context.support.DirtiesContextBeforeModesTestExecutionListener@604ed9f0, org.springframework.test.context.support.DependencyInjectionTestExecutionListener@6a4f787b, org.springframework.test.context.support.DirtiesContextTestExecutionListener@685cb137, org.springframework.test.context.transaction.TransactionalTestExecutionListener@6a41eaa2, org.springframework.test.context.jdbc.SqlScriptsTestExecutionListener@7cd62f43]
[INFO] [2019-04-19 12:32:37][org.springframework.beans.factory.xml.XmlBeanDefinitionReader]Loading XML bean definitions from class path resource [spring-mybatis.xml]
[INFO] [2019-04-19 12:32:39][org.springframework.context.support.GenericApplicationContext]Refreshing org.springframework.context.support.GenericApplicationContext@6d7b4f4c: startup date [Fri Apr 19 12:32:39 CST 2019]; root of context hierarchy
[INFO] [2019-04-19 12:32:40][org.springframework.beans.factory.annotation.AutowiredAnnotationBeanPostProcessor]JSR-330 'javax.inject.Inject' annotation found and supported for autowiring
[INFO] [2019-04-19 12:32:44][org.springframework.context.support.GenericApplicationContext]Closing org.springframework.context.support.GenericApplicationContext@6d7b4f4c: startup date [Fri Apr 19 12:32:39 CST 2019]; root of context hierarchy
[INFO] [2019-04-19 14:26:26][org.springframework.test.context.support.DefaultTestContextBootstrapper]Loaded default TestExecutionListener class names from location [META-INF/spring.factories]: [org.springframework.test.context.web.ServletTestExecutionListener, org.springframework.test.context.support.DirtiesContextBeforeModesTestExecutionListener, org.springframework.test.context.support.DependencyInjectionTestExecutionListener, org.springframework.test.context.support.DirtiesContextTestExecutionListener, org.springframework.test.context.transaction.TransactionalTestExecutionListener, org.springframework.test.context.jdbc.SqlScriptsTestExecutionListener]
[INFO] [2019-04-19 14:26:26][org.springframework.test.context.support.DefaultTestContextBootstrapper]Using TestExecutionListeners: [org.springframework.test.context.web.ServletTestExecutionListener@91161c7, org.springframework.test.context.support.DirtiesContextBeforeModesTestExecutionListener@604ed9f0, org.springframework.test.context.support.DependencyInjectionTestExecutionListener@6a4f787b, org.springframework.test.context.support.DirtiesContextTestExecutionListener@685cb137, org.springframework.test.context.transaction.TransactionalTestExecutionListener@6a41eaa2, org.springframework.test.context.jdbc.SqlScriptsTestExecutionListener@7cd62f43]
[INFO] [2019-04-19 14:26:26][org.springframework.beans.factory.xml.XmlBeanDefinitionReader]Loading XML bean definitions from class path resource [spring-mybatis.xml]
[INFO] [2019-04-19 14:26:29][org.springframework.context.support.GenericApplicationContext]Refreshing org.springframework.context.support.GenericApplicationContext@6d7b4f4c: startup date [Fri Apr 19 14:26:29 CST 2019]; root of context hierarchy
[INFO] [2019-04-19 14:26:30][org.springframework.beans.factory.annotation.AutowiredAnnotationBeanPostProcessor]JSR-330 'javax.inject.Inject' annotation found and supported for autowiring
[INFO] [2019-04-19 14:26:38][org.springframework.context.support.GenericApplicationContext]Closing org.springframework.context.support.GenericApplicationContext@6d7b4f4c: startup date [Fri Apr 19 14:26:29 CST 2019]; root of context hierarchy
[INFO] [2019-04-19 17:20:48][org.springframework.test.context.support.DefaultTestContextBootstrapper]Loaded default TestExecutionListener class names from location [META-INF/spring.factories]: [org.springframework.test.context.web.ServletTestExecutionListener, org.springframework.test.context.support.DirtiesContextBeforeModesTestExecutionListener, org.springframework.test.context.support.DependencyInjectionTestExecutionListener, org.springframework.test.context.support.DirtiesContextTestExecutionListener, org.springframework.test.context.transaction.TransactionalTestExecutionListener, org.springframework.test.context.jdbc.SqlScriptsTestExecutionListener]
[INFO] [2019-04-19 17:20:48][org.springframework.test.context.support.DefaultTestContextBootstrapper]Using TestExecutionListeners: [org.springframework.test.context.web.ServletTestExecutionListener@91161c7, org.springframework.test.context.support.DirtiesContextBeforeModesTestExecutionListener@604ed9f0, org.springframework.test.context.support.DependencyInjectionTestExecutionListener@6a4f787b, org.springframework.test.context.support.DirtiesContextTestExecutionListener@685cb137, org.springframework.test.context.transaction.TransactionalTestExecutionListener@6a41eaa2, org.springframework.test.context.jdbc.SqlScriptsTestExecutionListener@7cd62f43]
[INFO] [2019-04-19 17:20:48][org.springframework.beans.factory.xml.XmlBeanDefinitionReader]Loading XML bean definitions from class path resource [spring-mybatis.xml]
[INFO] [2019-04-19 17:20:50][org.springframework.context.support.GenericApplicationContext]Refreshing org.springframework.context.support.GenericApplicationContext@6d7b4f4c: startup date [Fri Apr 19 17:20:50 CST 2019]; root of context hierarchy
[INFO] [2019-04-19 17:20:52][org.springframework.beans.factory.annotation.AutowiredAnnotationBeanPostProcessor]JSR-330 'javax.inject.Inject' annotation found and supported for autowiring
[INFO] [2019-04-19 17:20:55][org.springframework.context.support.GenericApplicationContext]Closing org.springframework.context.support.GenericApplicationContext@6d7b4f4c: startup date [Fri Apr 19 17:20:50 CST 2019]; root of context hierarchy
[INFO] [2019-04-19 17:33:47][org.springframework.test.context.support.DefaultTestContextBootstrapper]Loaded default TestExecutionListener class names from location [META-INF/spring.factories]: [org.springframework.test.context.web.ServletTestExecutionListener, org.springframework.test.context.support.DirtiesContextBeforeModesTestExecutionListener, org.springframework.test.context.support.DependencyInjectionTestExecutionListener, org.springframework.test.context.support.DirtiesContextTestExecutionListener, org.springframework.test.context.transaction.TransactionalTestExecutionListener, org.springframework.test.context.jdbc.SqlScriptsTestExecutionListener]
[INFO] [2019-04-19 17:33:47][org.springframework.test.context.support.DefaultTestContextBootstrapper]Using TestExecutionListeners: [org.springframework.test.context.web.ServletTestExecutionListener@5e3a8624, org.springframework.test.context.support.DirtiesContextBeforeModesTestExecutionListener@5c3bd550, org.springframework.test.context.support.DependencyInjectionTestExecutionListener@91161c7, org.springframework.test.context.support.DirtiesContextTestExecutionListener@604ed9f0, org.springframework.test.context.transaction.TransactionalTestExecutionListener@6a4f787b, org.springframework.test.context.jdbc.SqlScriptsTestExecutionListener@685cb137]
[INFO] [2019-04-19 17:33:47][org.springframework.beans.factory.xml.XmlBeanDefinitionReader]Loading XML bean definitions from class path resource [spring-mybatis.xml]
[INFO] [2019-04-19 17:33:49][org.springframework.context.support.GenericApplicationContext]Refreshing org.springframework.context.support.GenericApplicationContext@2286778: startup date [Fri Apr 19 17:33:49 CST 2019]; root of context hierarchy
[INFO] [2019-04-19 17:33:51][org.springframework.beans.factory.annotation.AutowiredAnnotationBeanPostProcessor]JSR-330 'javax.inject.Inject' annotation found and supported for autowiring
[INFO] [2019-04-19 17:33:54][org.springframework.context.support.GenericApplicationContext]Closing org.springframework.context.support.GenericApplicationContext@2286778: startup date [Fri Apr 19 17:33:49 CST 2019]; root of context hierarchy
[INFO] [2019-04-19 17:34:52][org.springframework.test.context.support.DefaultTestContextBootstrapper]Loaded default TestExecutionListener class names from location [META-INF/spring.factories]: [org.springframework.test.context.web.ServletTestExecutionListener, org.springframework.test.context.support.DirtiesContextBeforeModesTestExecutionListener, org.springframework.test.context.support.DependencyInjectionTestExecutionListener, org.springframework.test.context.support.DirtiesContextTestExecutionListener, org.springframework.test.context.transaction.TransactionalTestExecutionListener, org.springframework.test.context.jdbc.SqlScriptsTestExecutionListener]
[INFO] [2019-04-19 17:34:52][org.springframework.test.context.support.DefaultTestContextBootstrapper]Using TestExecutionListeners: [org.springframework.test.context.web.ServletTestExecutionListener@91161c7, org.springframework.test.context.support.DirtiesContextBeforeModesTestExecutionListener@604ed9f0, org.springframework.test.context.support.DependencyInjectionTestExecutionListener@6a4f787b, org.springframework.test.context.support.DirtiesContextTestExecutionListener@685cb137, org.springframework.test.context.transaction.TransactionalTestExecutionListener@6a41eaa2, org.springframework.test.context.jdbc.SqlScriptsTestExecutionListener@7cd62f43]
[INFO] [2019-04-19 17:34:52][org.springframework.beans.factory.xml.XmlBeanDefinitionReader]Loading XML bean definitions from class path resource [spring-mybatis.xml]
[INFO] [2019-04-19 17:34:54][org.springframework.context.support.GenericApplicationContext]Refreshing org.springframework.context.support.GenericApplicationContext@6d7b4f4c: startup date [Fri Apr 19 17:34:54 CST 2019]; root of context hierarchy
[INFO] [2019-04-19 17:34:55][org.springframework.beans.factory.annotation.AutowiredAnnotationBeanPostProcessor]JSR-330 'javax.inject.Inject' annotation found and supported for autowiring
[INFO] [2019-04-19 17:34:58][org.springframework.context.support.GenericApplicationContext]Closing org.springframework.context.support.GenericApplicationContext@6d7b4f4c: startup date [Fri Apr 19 17:34:54 CST 2019]; root of context hierarchy
[INFO] [2019-04-19 17:40:57][org.springframework.test.context.support.DefaultTestContextBootstrapper]Loaded default TestExecutionListener class names from location [META-INF/spring.factories]: [org.springframework.test.context.web.ServletTestExecutionListener, org.springframework.test.context.support.DirtiesContextBeforeModesTestExecutionListener, org.springframework.test.context.support.DependencyInjectionTestExecutionListener, org.springframework.test.context.support.DirtiesContextTestExecutionListener, org.springframework.test.context.transaction.TransactionalTestExecutionListener, org.springframework.test.context.jdbc.SqlScriptsTestExecutionListener]
[INFO] [2019-04-19 17:40:57][org.springframework.test.context.support.DefaultTestContextBootstrapper]Using TestExecutionListeners: [org.springframework.test.context.web.ServletTestExecutionListener@1d2adfbe, org.springframework.test.context.support.DirtiesContextBeforeModesTestExecutionListener@36902638, org.springframework.test.context.support.DependencyInjectionTestExecutionListener@223d2c72, org.springframework.test.context.support.DirtiesContextTestExecutionListener@8f4ea7c, org.springframework.test.context.transaction.TransactionalTestExecutionListener@436813f3, org.springframework.test.context.jdbc.SqlScriptsTestExecutionListener@74fe5c40]
[INFO] [2019-04-19 17:40:58][org.springframework.beans.factory.xml.XmlBeanDefinitionReader]Loading XML bean definitions from class path resource [spring-mybatis.xml]
[INFO] [2019-04-19 17:41:00][org.springframework.context.support.GenericApplicationContext]Refreshing org.springframework.context.support.GenericApplicationContext@7c6908d7: startup date [Fri Apr 19 17:41:00 CST 2019]; root of context hierarchy
[INFO] [2019-04-19 17:41:01][org.springframework.beans.factory.annotation.AutowiredAnnotationBeanPostProcessor]JSR-330 'javax.inject.Inject' annotation found and supported for autowiring
[INFO] [2019-04-19 17:41:05][org.springframework.context.support.GenericApplicationContext]Closing org.springframework.context.support.GenericApplicationContext@7c6908d7: startup date [Fri Apr 19 17:41:00 CST 2019]; root of context hierarchy
[INFO] [2019-04-24 09:16:53][org.springframework.test.context.support.DefaultTestContextBootstrapper]Loaded default TestExecutionListener class names from location [META-INF/spring.factories]: [org.springframework.test.context.web.ServletTestExecutionListener, org.springframework.test.context.support.DirtiesContextBeforeModesTestExecutionListener, org.springframework.test.context.support.DependencyInjectionTestExecutionListener, org.springframework.test.context.support.DirtiesContextTestExecutionListener, org.springframework.test.context.transaction.TransactionalTestExecutionListener, org.springframework.test.context.jdbc.SqlScriptsTestExecutionListener]
[INFO] [2019-04-24 09:16:53][org.springframework.test.context.support.DefaultTestContextBootstrapper]Using TestExecutionListeners: [org.springframework.test.context.web.ServletTestExecutionListener@1bce4f0a, org.springframework.test.context.support.DirtiesContextBeforeModesTestExecutionListener@5e3a8624, org.springframework.test.context.support.DependencyInjectionTestExecutionListener@5c3bd550, org.springframework.test.context.support.DirtiesContextTestExecutionListener@91161c7, org.springframework.test.context.transaction.TransactionalTestExecutionListener@604ed9f0, org.springframework.test.context.jdbc.SqlScriptsTestExecutionListener@6a4f787b]
[INFO] [2019-04-24 09:16:55][org.springframework.beans.factory.xml.XmlBeanDefinitionReader]Loading XML bean definitions from class path resource [spring-mybatis.xml]
[INFO] [2019-04-24 09:16:58][org.springframework.context.support.GenericApplicationContext]Refreshing org.springframework.context.support.GenericApplicationContext@5abca1e0: startup date [Wed Apr 24 09:16:58 CST 2019]; root of context hierarchy
[INFO] [2019-04-24 09:16:59][org.springframework.beans.factory.annotation.AutowiredAnnotationBeanPostProcessor]JSR-330 'javax.inject.Inject' annotation found and supported for autowiring
[INFO] [2019-04-24 09:17:03][org.springframework.context.support.GenericApplicationContext]Closing org.springframework.context.support.GenericApplicationContext@5abca1e0: startup date [Wed Apr 24 09:16:58 CST 2019]; root of context hierarchy
[INFO] [2019-04-24 14:14:37][org.springframework.test.context.support.DefaultTestContextBootstrapper]Loaded default TestExecutionListener class names from location [META-INF/spring.factories]: [org.springframework.test.context.web.ServletTestExecutionListener, org.springframework.test.context.support.DirtiesContextBeforeModesTestExecutionListener, org.springframework.test.context.support.DependencyInjectionTestExecutionListener, org.springframework.test.context.support.DirtiesContextTestExecutionListener, org.springframework.test.context.transaction.TransactionalTestExecutionListener, org.springframework.test.context.jdbc.SqlScriptsTestExecutionListener]
[INFO] [2019-04-24 14:14:38][org.springframework.test.context.support.DefaultTestContextBootstrapper]Using TestExecutionListeners: [org.springframework.test.context.web.ServletTestExecutionListener@91161c7, org.springframework.test.context.support.DirtiesContextBeforeModesTestExecutionListener@604ed9f0, org.springframework.test.context.support.DependencyInjectionTestExecutionListener@6a4f787b, org.springframework.test.context.support.DirtiesContextTestExecutionListener@685cb137, org.springframework.test.context.transaction.TransactionalTestExecutionListener@6a41eaa2, org.springframework.test.context.jdbc.SqlScriptsTestExecutionListener@7cd62f43]
[INFO] [2019-04-24 14:14:39][org.springframework.beans.factory.xml.XmlBeanDefinitionReader]Loading XML bean definitions from class path resource [spring-mybatis.xml]
[INFO] [2019-04-24 14:14:41][org.springframework.beans.factory.xml.XmlBeanDefinitionReader]Loading XML bean definitions from class path resource [spring-service.xml]
[INFO] [2019-04-24 14:14:41][org.springframework.context.support.GenericApplicationContext]Refreshing org.springframework.context.support.GenericApplicationContext@6d7b4f4c: startup date [Wed Apr 24 14:14:41 CST 2019]; root of context hierarchy
[INFO] [2019-04-24 14:14:42][org.springframework.beans.factory.annotation.AutowiredAnnotationBeanPostProcessor]JSR-330 'javax.inject.Inject' annotation found and supported for autowiring
[INFO] [2019-04-24 14:14:48][org.springframework.context.support.GenericApplicationContext]Closing org.springframework.context.support.GenericApplicationContext@6d7b4f4c: startup date [Wed Apr 24 14:14:41 CST 2019]; root of context hierarchy
[INFO] [2019-04-24 14:18:14][org.springframework.test.context.support.DefaultTestContextBootstrapper]Loaded default TestExecutionListener class names from location [META-INF/spring.factories]: [org.springframework.test.context.web.ServletTestExecutionListener, org.springframework.test.context.support.DirtiesContextBeforeModesTestExecutionListener, org.springframework.test.context.support.DependencyInjectionTestExecutionListener, org.springframework.test.context.support.DirtiesContextTestExecutionListener, org.springframework.test.context.transaction.TransactionalTestExecutionListener, org.springframework.test.context.jdbc.SqlScriptsTestExecutionListener]
[INFO] [2019-04-24 14:18:14][org.springframework.test.context.support.DefaultTestContextBootstrapper]Using TestExecutionListeners: [org.springframework.test.context.web.ServletTestExecutionListener@1bce4f0a, org.springframework.test.context.support.DirtiesContextBeforeModesTestExecutionListener@5e3a8624, org.springframework.test.context.support.DependencyInjectionTestExecutionListener@5c3bd550, org.springframework.test.context.support.DirtiesContextTestExecutionListener@91161c7, org.springframework.test.context.transaction.TransactionalTestExecutionListener@604ed9f0, org.springframework.test.context.jdbc.SqlScriptsTestExecutionListener@6a4f787b]
[INFO] [2019-04-24 14:18:14][org.springframework.beans.factory.xml.XmlBeanDefinitionReader]Loading XML bean definitions from class path resource [spring-mybatis.xml]
[INFO] [2019-04-24 14:18:16][org.springframework.context.support.GenericApplicationContext]Refreshing org.springframework.context.support.GenericApplicationContext@5abca1e0: startup date [Wed Apr 24 14:18:16 CST 2019]; root of context hierarchy
[INFO] [2019-04-24 14:18:17][org.springframework.beans.factory.annotation.AutowiredAnnotationBeanPostProcessor]JSR-330 'javax.inject.Inject' annotation found and supported for autowiring
[ERROR] [2019-04-24 14:18:20][org.springframework.test.context.TestContextManager]Caught exception while allowing TestExecutionListener [org.springframework.test.context.support.DependencyInjectionTestExecutionListener@5c3bd550] to prepare test instance [com.ssm.wuye.service.impl.NewsTypeServiceImplTest@536dbea0]
org.springframework.beans.factory.BeanCreationException: Error creating bean with name 'com.ssm.wuye.service.impl.NewsTypeServiceImplTest': Injection of resource dependencies failed; nested exception is org.springframework.beans.factory.NoSuchBeanDefinitionException: No qualifying bean of type 'com.ssm.wuye.service.NewsTypeService' available: expected at least 1 bean which qualifies as autowire candidate. Dependency annotations: {@javax.annotation.Resource(shareable=true, lookup=, name=, description=, authenticationType=CONTAINER, type=class java.lang.Object, mappedName=)}
	at org.springframework.context.annotation.CommonAnnotationBeanPostProcessor.postProcessPropertyValues(CommonAnnotationBeanPostProcessor.java:321)
	at org.springframework.beans.factory.support.AbstractAutowireCapableBeanFactory.populateBean(AbstractAutowireCapableBeanFactory.java:1264)
	at org.springframework.beans.factory.support.AbstractAutowireCapableBeanFactory.autowireBeanProperties(AbstractAutowireCapableBeanFactory.java:386)
	at org.springframework.test.context.support.DependencyInjectionTestExecutionListener.injectDependencies(DependencyInjectionTestExecutionListener.java:118)
	at org.springframework.test.context.support.DependencyInjectionTestExecutionListener.prepareTestInstance(DependencyInjectionTestExecutionListener.java:83)
	at org.springframework.test.context.TestContextManager.prepareTestInstance(TestContextManager.java:230)
	at org.springframework.test.context.junit4.SpringJUnit4ClassRunner.createTest(SpringJUnit4ClassRunner.java:228)
	at org.springframework.test.context.junit4.SpringJUnit4ClassRunner$1.runReflectiveCall(SpringJUnit4ClassRunner.java:287)
	at org.junit.internal.runners.model.ReflectiveCallable.run(ReflectiveCallable.java:12)
	at org.springframework.test.context.junit4.SpringJUnit4ClassRunner.methodBlock(SpringJUnit4ClassRunner.java:289)
	at org.springframework.test.context.junit4.SpringJUnit4ClassRunner.runChild(SpringJUnit4ClassRunner.java:247)
	at org.springframework.test.context.junit4.SpringJUnit4ClassRunner.runChild(SpringJUnit4ClassRunner.java:94)
	at org.junit.runners.ParentRunner$3.run(ParentRunner.java:290)
	at org.junit.runners.ParentRunner$1.schedule(ParentRunner.java:71)
	at org.junit.runners.ParentRunner.runChildren(ParentRunner.java:288)
	at org.junit.runners.ParentRunner.access$000(ParentRunner.java:58)
	at org.junit.runners.ParentRunner$2.evaluate(ParentRunner.java:268)
	at org.springframework.test.context.junit4.statements.RunBeforeTestClassCallbacks.evaluate(RunBeforeTestClassCallbacks.java:61)
	at org.springframework.test.context.junit4.statements.RunAfterTestClassCallbacks.evaluate(RunAfterTestClassCallbacks.java:70)
	at org.junit.runners.ParentRunner.run(ParentRunner.java:363)
	at org.springframework.test.context.junit4.SpringJUnit4ClassRunner.run(SpringJUnit4ClassRunner.java:191)
	at org.junit.runner.JUnitCore.run(JUnitCore.java:137)
	at com.intellij.junit4.JUnit4IdeaTestRunner.startRunnerWithArgs(JUnit4IdeaTestRunner.java:68)
	at com.intellij.rt.execution.junit.IdeaTestRunner$Repeater.startRunnerWithArgs(IdeaTestRunner.java:47)
	at com.intellij.rt.execution.junit.JUnitStarter.prepareStreamsAndStart(JUnitStarter.java:242)
	at com.intellij.rt.execution.junit.JUnitStarter.main(JUnitStarter.java:70)
Caused by: org.springframework.beans.factory.NoSuchBeanDefinitionException: No qualifying bean of type 'com.ssm.wuye.service.NewsTypeService' available: expected at least 1 bean which qualifies as autowire candidate. Dependency annotations: {@javax.annotation.Resource(shareable=true, lookup=, name=, description=, authenticationType=CONTAINER, type=class java.lang.Object, mappedName=)}
	at org.springframework.beans.factory.support.DefaultListableBeanFactory.raiseNoMatchingBeanFound(DefaultListableBeanFactory.java:1493)
	at org.springframework.beans.factory.support.DefaultListableBeanFactory.doResolveDependency(DefaultListableBeanFactory.java:1104)
	at org.springframework.beans.factory.support.DefaultListableBeanFactory.resolveDependency(DefaultListableBeanFactory.java:1066)
	at org.springframework.context.annotation.CommonAnnotationBeanPostProcessor.autowireResource(CommonAnnotationBeanPostProcessor.java:518)
	at org.springframework.context.annotation.CommonAnnotationBeanPostProcessor.getResource(CommonAnnotationBeanPostProcessor.java:496)
	at org.springframework.context.annotation.CommonAnnotationBeanPostProcessor$ResourceElement.getResourceToInject(CommonAnnotationBeanPostProcessor.java:627)
	at org.springframework.beans.factory.annotation.InjectionMetadata$InjectedElement.inject(InjectionMetadata.java:169)
	at org.springframework.beans.factory.annotation.InjectionMetadata.inject(InjectionMetadata.java:88)
	at org.springframework.context.annotation.CommonAnnotationBeanPostProcessor.postProcessPropertyValues(CommonAnnotationBeanPostProcessor.java:318)
	... 25 more
[INFO] [2019-04-24 14:18:20][org.springframework.context.support.GenericApplicationContext]Closing org.springframework.context.support.GenericApplicationContext@5abca1e0: startup date [Wed Apr 24 14:18:16 CST 2019]; root of context hierarchy
[INFO] [2019-04-24 17:40:59][org.springframework.test.context.support.DefaultTestContextBootstrapper]Loaded default TestExecutionListener class names from location [META-INF/spring.factories]: [org.springframework.test.context.web.ServletTestExecutionListener, org.springframework.test.context.support.DirtiesContextBeforeModesTestExecutionListener, org.springframework.test.context.support.DependencyInjectionTestExecutionListener, org.springframework.test.context.support.DirtiesContextTestExecutionListener, org.springframework.test.context.transaction.TransactionalTestExecutionListener, org.springframework.test.context.jdbc.SqlScriptsTestExecutionListener]
[INFO] [2019-04-24 17:40:59][org.springframework.test.context.support.DefaultTestContextBootstrapper]Using TestExecutionListeners: [org.springframework.test.context.web.ServletTestExecutionListener@91161c7, org.springframework.test.context.support.DirtiesContextBeforeModesTestExecutionListener@604ed9f0, org.springframework.test.context.support.DependencyInjectionTestExecutionListener@6a4f787b, org.springframework.test.context.support.DirtiesContextTestExecutionListener@685cb137, org.springframework.test.context.transaction.TransactionalTestExecutionListener@6a41eaa2, org.springframework.test.context.jdbc.SqlScriptsTestExecutionListener@7cd62f43]
[INFO] [2019-04-24 17:40:59][org.springframework.beans.factory.xml.XmlBeanDefinitionReader]Loading XML bean definitions from class path resource [spring-mybatis.xml]
[INFO] [2019-04-24 17:41:03][org.springframework.beans.factory.xml.XmlBeanDefinitionReader]Loading XML bean definitions from class path resource [spring-service.xml]
[INFO] [2019-04-24 17:41:03][org.springframework.context.support.GenericApplicationContext]Refreshing org.springframework.context.support.GenericApplicationContext@6d7b4f4c: startup date [Wed Apr 24 17:41:03 CST 2019]; root of context hierarchy
[INFO] [2019-04-24 17:41:05][org.springframework.beans.factory.annotation.AutowiredAnnotationBeanPostProcessor]JSR-330 'javax.inject.Inject' annotation found and supported for autowiring
[INFO] [2019-04-24 17:41:10][org.springframework.context.support.GenericApplicationContext]Closing org.springframework.context.support.GenericApplicationContext@6d7b4f4c: startup date [Wed Apr 24 17:41:03 CST 2019]; root of context hierarchy
[INFO] [2019-04-25 10:45:14][org.springframework.test.context.support.DefaultTestContextBootstrapper]Loaded default TestExecutionListener class names from location [META-INF/spring.factories]: [org.springframework.test.context.web.ServletTestExecutionListener, org.springframework.test.context.support.DirtiesContextBeforeModesTestExecutionListener, org.springframework.test.context.support.DependencyInjectionTestExecutionListener, org.springframework.test.context.support.DirtiesContextTestExecutionListener, org.springframework.test.context.transaction.TransactionalTestExecutionListener, org.springframework.test.context.jdbc.SqlScriptsTestExecutionListener]
[INFO] [2019-04-25 10:45:14][org.springframework.test.context.support.DefaultTestContextBootstrapper]Using TestExecutionListeners: [org.springframework.test.context.web.ServletTestExecutionListener@5b275dab, org.springframework.test.context.support.DirtiesContextBeforeModesTestExecutionListener@61832929, org.springframework.test.context.support.DependencyInjectionTestExecutionListener@29774679, org.springframework.test.context.support.DirtiesContextTestExecutionListener@3ffc5af1, org.springframework.test.context.transaction.TransactionalTestExecutionListener@5e5792a0, org.springframework.test.context.jdbc.SqlScriptsTestExecutionListener@26653222]
[INFO] [2019-04-25 10:45:15][org.springframework.beans.factory.xml.XmlBeanDefinitionReader]Loading XML bean definitions from class path resource [spring-mybatis.xml]
[INFO] [2019-04-25 10:45:19][org.springframework.beans.factory.xml.XmlBeanDefinitionReader]Loading XML bean definitions from class path resource [spring-service.xml]
[INFO] [2019-04-25 10:45:19][org.springframework.context.support.GenericApplicationContext]Refreshing org.springframework.context.support.GenericApplicationContext@21213b92: startup date [Thu Apr 25 10:45:19 CST 2019]; root of context hierarchy
[INFO] [2019-04-25 10:45:21][org.springframework.beans.factory.annotation.AutowiredAnnotationBeanPostProcessor]JSR-330 'javax.inject.Inject' annotation found and supported for autowiring
[INFO] [2019-04-25 10:45:27][org.springframework.beans.factory.xml.XmlBeanDefinitionReader]Loading XML bean definitions from class path resource [org/springframework/jdbc/support/sql-error-codes.xml]
[INFO] [2019-04-25 10:45:28][org.springframework.jdbc.support.SQLErrorCodesFactory]SQLErrorCodes loaded: [DB2, Derby, H2, HSQL, Informix, MS-SQL, MySQL, Oracle, PostgreSQL, Sybase, Hana]
[INFO] [2019-04-25 10:45:28][org.springframework.context.support.GenericApplicationContext]Closing org.springframework.context.support.GenericApplicationContext@21213b92: startup date [Thu Apr 25 10:45:19 CST 2019]; root of context hierarchy
